This is pdfTeX, Version 3.14159265-2.6-1.40.16 (TeX Live 2015) (preloaded format=pdflatex 2015.5.24)  13 JUL 2016 16:09
entering extended mode
 \write18 enabled.
 file:line:error style messages enabled.
 %&-line parsing enabled.
**main.tex
(./main.tex
LaTeX2e <2015/01/01>
Babel <3.9l> and hyphenation patterns for 79 languages loaded.
(/usr/local/texlive/2015/texmf-dist/tex/latex/memoir/memoir.cls
Document Class: memoir 2015/04/23 v3.7d configurable book, report, article docu
ment class
\onelineskip=\skip41
\lxvchars=\skip42
\xlvchars=\skip43
\@memcnta=\count79
\c@@memmarkcntra=\count80
(/usr/local/texlive/2015/texmf-dist/tex/generic/oberdiek/ifpdf.sty
Package: ifpdf 2011/01/30 v2.3 Provides the ifpdf switch (HO)
Package ifpdf Info: pdfTeX in PDF mode is detected.
)
(/usr/local/texlive/2015/texmf-dist/tex/latex/ifetex/ifetex.sty
Package: ifetex 2011/12/15 v1.2 ifetex

(/usr/local/texlive/2015/texmf-dist/tex/plain/ifetex/ifetex.tex))
(/usr/local/texlive/2015/texmf-dist/tex/generic/ifxetex/ifxetex.sty
Package: ifxetex 2010/09/12 v0.6 Provides ifxetex conditional
)
(/usr/local/texlive/2015/texmf-dist/tex/generic/oberdiek/ifluatex.sty
Package: ifluatex 2010/03/01 v1.3 Provides the ifluatex switch (HO)
Package ifluatex Info: LuaTeX not detected.
)
\stockheight=\skip44
\stockwidth=\skip45
\trimtop=\skip46
\trimedge=\skip47

(/usr/local/texlive/2015/texmf-dist/tex/latex/etex-pkg/etex.sty
Package: etex 2015/03/02 v2.1 eTeX basic definition package (PEB,DPC)
\et@xins=\count81
)
(/usr/local/texlive/2015/texmf-dist/tex/latex/memoir/mem12.clo
File: mem12.clo 2010/10/19 v0.4b memoir class 12pt size option
)
\binding=\skip48
\spinemargin=\skip49
\foremargin=\skip50
\uppermargin=\skip51
\lowermargin=\skip52
\headdrop=\skip53
\normalrulethickness=\skip54
\mem@maxheadheight=\skip55
\mem@maxfootheight=\skip56
\headwidth=\skip57
\c@storedpagenumber=\count82
\memPD=\dimen102
\m@mabparskip=\skip58
\thanksmarkwidth=\skip59
\thanksmarksep=\skip60
\droptitle=\skip61
\c@book=\count83
\c@part=\count84
\c@chapter=\count85
\c@section=\count86
\c@subsection=\count87
\c@subsubsection=\count88
\c@paragraph=\count89
\c@subparagraph=\count90
\beforechapskip=\skip62
\midchapskip=\skip63
\afterchapskip=\skip64
\chapindent=\skip65
\bottomsectionskip=\skip66
\secindent=\skip67
\beforesecskip=\skip68
\aftersecskip=\skip69
\subsecindent=\skip70
\beforesubsecskip=\skip71
\aftersubsecskip=\skip72
\subsubsecindent=\skip73
\beforesubsubsecskip=\skip74
\aftersubsubsecskip=\skip75
\paraindent=\skip76
\beforeparaskip=\skip77
\afterparaskip=\skip78
\subparaindent=\skip79
\beforesubparaskip=\skip80
\aftersubparaskip=\skip81
\pfbreakskip=\skip82
\c@@ppsavesec=\count91
\c@@ppsaveapp=\count92
\ragrparindent=\dimen103
\everylistparindent=\dimen104
\parsepi=\skip83
\topsepi=\skip84
\itemsepi=\skip85
\parsepii=\skip86
\topsepii=\skip87
\topsepiii=\skip88
\itemsepii=\skip89
\itemsepiii=\skip90
\partopsepii=\skip91
\partopsepiii=\skip92
\m@msavetopsep=\skip93
\m@msavepartopsep=\skip94
\@enLab=\toks14
\abstitleskip=\skip95
\absleftindent=\skip96
\abs@leftindent=\dimen105
\absrightindent=\skip97
\absparindent=\skip98
\absparsep=\skip99
\c@vslineno=\count93
\c@poemline=\count94
\c@modulo@vs=\count95
\c@memfvsline=\count96
\vleftskip=\skip100
\vrightskip=\skip101
\stanzaskip=\skip102
\versewidth=\skip103
\vgap=\skip104
\vindent=\skip105
\vleftmargin=\dimen106
\c@verse=\count97
\c@chrsinstr=\count98
\beforepoemtitleskip=\skip106
\afterpoemtitleskip=\skip107
\c@poem=\count99
\beforePoemTitleskip=\skip108
\midPoemTitleskip=\skip109
\afterPoemTitleskip=\skip110
\col@sep=\dimen107
\extrarowheight=\dimen108
\NC@list=\toks15
\extratabsurround=\skip111
\backup@length=\skip112
\TX@col@width=\dimen109
\TX@old@table=\dimen110
\TX@old@col=\dimen111
\TX@target=\dimen112
\TX@delta=\dimen113
\TX@cols=\count100
\TX@ftn=\toks16
\heavyrulewidth=\dimen114
\lightrulewidth=\dimen115
\cmidrulewidth=\dimen116
\belowrulesep=\dimen117
\belowbottomsep=\dimen118
\aboverulesep=\dimen119
\abovetopsep=\dimen120
\cmidrulesep=\dimen121
\cmidrulekern=\dimen122
\defaultaddspace=\dimen123
\@cmidla=\count101
\@cmidlb=\count102
\@aboverulesep=\dimen124
\@belowrulesep=\dimen125
\@thisruleclass=\count103
\@lastruleclass=\count104
\@thisrulewidth=\dimen126
\ctableftskip=\skip113
\ctabrightskip=\skip114
\abovecolumnspenalty=\count105
\@linestogo=\count106
\@cellstogo=\count107
\@cellsincolumn=\count108
\crtok=\toks17
\@mincolumnwidth=\dimen127
\c@newflo@tctr=\count109
\mem@margin@floatbox=\box26
\@contcwidth=\skip115
\@contindw=\skip116
\abovecaptionskip=\skip117
\belowcaptionskip=\skip118
\subfloattopskip=\skip119
\subfloatcapskip=\skip120
\subfloatcaptopadj=\skip121
\subfloatbottomskip=\skip122
\subfloatlabelskip=\skip123
\subfloatcapmargin=\dimen128
\c@@contsubnum=\count110
\m@mscap@capbox=\box27
\m@mscap@fbox=\box28
\sidecapsep=\dimen129
\sidecapwidth=\dimen130
\m@m@tempdima=\dimen131
\m@mscapraise=\dimen132
\sidecapraise=\dimen133
\m@mscapmainwidth=\dimen134
\m@mscaplkern=\dimen135
\beforeepigraphskip=\skip124
\afterepigraphskip=\skip125
\epigraphwidth=\skip126
\epigraphrule=\skip127
LaTeX Info: Redefining \em on input line 7533.
LaTeX Info: Redefining \emph on input line 7541.
\tocentryskip=\skip128
\tocbaseline=\skip129
\cftparskip=\skip130
\cftbeforebookskip=\skip131
\cftbookindent=\dimen136
\cftbooknumwidth=\dimen137
\cftbeforepartskip=\skip132
\cftpartindent=\skip133
\cftpartnumwidth=\skip134
\cftbeforechapterskip=\skip135
\cftchapterindent=\skip136
\cftchapternumwidth=\skip137
\cftbeforesectionskip=\skip138
\cftsectionindent=\skip139
\cftsectionnumwidth=\skip140
\cftbeforesubsectionskip=\skip141
\cftsubsectionindent=\skip142
\cftsubsectionnumwidth=\skip143
\cftbeforesubsubsectionskip=\skip144
\cftsubsubsectionindent=\skip145
\cftsubsubsectionnumwidth=\skip146
\cftbeforeparagraphskip=\skip147
\cftparagraphindent=\skip148
\cftparagraphnumwidth=\skip149
\cftbeforesubparagraphskip=\skip150
\cftsubparagraphindent=\skip151
\cftsubparagraphnumwidth=\skip152
\prechapterprecisshift=\dimen138
\c@maxsecnumdepth=\count111
\bibindent=\dimen139
\bibitemsep=\skip153
\indexcolsep=\skip154
\indexrule=\skip155
\indexmarkstyle=\toks18
\@indexbox=\insert233
\glossarycolsep=\dimen140
\glossaryrule=\dimen141
\sideparvshift=\skip156
\sideins=\insert232
\sidebartopsep=\skip157
\sidebarhsep=\skip158
\sidebarvsep=\skip159
\sidebarwidth=\skip160
\footmarkwidth=\skip161
\footmarksep=\skip162
\footparindent=\skip163
\footinsdim=\skip164
\footinsv@r=\insert231
\@mpfootinsv@r=\insert230
\m@m@k=\count112
\m@m@h=\dimen142
\m@mipn@skip=\skip165
\sidefootins=\insert229
\sidefootadjust=\skip166
\sidefootheight=\skip167
\sidefoothsep=\skip168
\sidefootvsep=\skip169
\sidefootwidth=\skip170
\m@mdownsf=\skip171
\c@sidefootnote=\count113
\sidefootmarkwidth=\skip172
\sidefootmarksep=\skip173
\sidefootparindent=\skip174
\c@pagenote=\count114
\c@pagenoteshadow=\count115
\mem@pn@lastkern=\skip175
\every@verbatim=\toks19
\afterevery@verbatim=\toks20
\verbatim@line=\toks21
\tab@position=\count116
\verbatim@in@stream=\read1
\verbatimindent=\skip176
\verbatim@out=\write3
\bvboxsep=\skip177
\c@memfbvline=\count117
\c@bvlinectr=\count118
\bvnumlength=\skip178
\fb@frw=\dimen143
\fb@frh=\dimen144
\FrameRule=\dimen145
\FrameSep=\dimen146
\c@cp@cntr=\count119
LaTeX Info: Redefining \: on input line 12050.
LaTeX Info: Redefining \! on input line 12052.
\c@ism@mctr=\count120
\c@xsm@mctr=\count121
\c@csm@mctr=\count122
\c@ksm@mctr=\count123
\c@xksm@mctr=\count124
\c@cksm@mctr=\count125
\c@msm@mctr=\count126
\c@xmsm@mctr=\count127
\c@cmsm@mctr=\count128
\c@bsm@mctr=\count129
\c@workm@mctr=\count130
\c@sheetsequence=\count131
\c@lastsheet=\count132
\c@lastpage=\count133
\c@figure=\count134
\c@lofdepth=\count135
\cftbeforefigureskip=\skip179
\cftfigureindent=\skip180
\cftfigurenumwidth=\skip181
\c@table=\count136
\c@lotdepth=\count137
\cftbeforetableskip=\skip182
\cfttableindent=\skip183
\cfttablenumwidth=\skip184
Package abstract [2008/07/23] emulated by memoir.
Package appendix [2008/07/23] emulated by memoir.
Package array [2008/09/09] emulated by memoir.
Package booktabs [2008/07/23] emulated by memoir.
Package ccaption [2008/07/23] emulated by memoir.
Package changepage [2008/07/23] emulated by memoir.
Package chngcntr [2008/07/23] emulated by memoir.
Package chngpage [2008/07/23] emulated by memoir.
Package crop emulated by memoir.
Package dcolumn [2008/07/23] emulated by memoir.
Package delarray [2008/07/23] emulated by memoir.
Package enumerate [2008/07/23] emulated by memoir.
Package epigraph [2008/07/23] emulated by memoir.
Package ifmtarg [2008/07/23] emulated by memoir.
Package index [2008/07/23] emulated by memoir.
Package makeidx [2008/07/23] emulated by memoir.
Package moreverb [2008/07/23] emulated by memoir.
Package mparhack [2008/07/23] emulated by memoir.
Package needspace [2008/07/23] emulated by memoir.
Package newfile [2008/07/23] emulated by memoir.
Package nextpage [2008/07/23] emulated by memoir.
Package pagenote [2008/07/23] emulated by memoir.
Package parskip [2008/07/23] emulated by memoir.
Package patchcmd [2008/07/23] emulated by memoir.
Package setspace [2008/07/23] emulated by memoir.
Package shortvrb [2008/07/23] emulated by memoir.
Package showidx [2008/07/23] emulated by memoir.
Package tabularx [2008/07/23] emulated by memoir.
Package titleref [2008/07/23] emulated by memoir.
Package titling [2008/07/23] emulated by memoir.
Package tocbibind [2008/07/23] emulated by memoir.
Package tocloft [2008/07/23] emulated by memoir.
Package tocvsec2 [2008/07/23] emulated by memoir.
Package verbatim [2008/07/23] emulated by memoir.
Package verse [2008/07/23] emulated by memoir.

(/usr/local/texlive/2015/texmf-dist/tex/latex/memoir/mempatch.sty
Package: mempatch 2009/07/24 v6.0f Patches for memoir class v1.6180339
))
(/usr/local/texlive/2015/texmf-dist/tex/latex/base/inputenc.sty
Package: inputenc 2015/03/17 v1.2c Input encoding file
\inpenc@prehook=\toks22
\inpenc@posthook=\toks23

(/usr/local/texlive/2015/texmf-dist/tex/latex/ucs/utf8x.def
File: utf8x.def 2004/10/17 UCS: Input encoding UTF-8
))
(/usr/local/texlive/2015/texmf-dist/tex/latex/ucs/ucs.sty
Package: ucs 2013/05/11 v2.2 UCS: Unicode input support

(/usr/local/texlive/2015/texmf-dist/tex/latex/ucs/data/uni-global.def
File: uni-global.def 2013/05/13 UCS: Unicode global data
)
\uc@secondtry=\count138
\uc@combtoks=\toks24
\uc@combtoksb=\toks25
\uc@temptokena=\toks26
)
(/usr/local/texlive/2015/texmf-dist/tex/generic/babel/babel.sty
Package: babel 2014/09/25 3.9l The Babel package

(/usr/local/texlive/2015/texmf-dist/tex/generic/babel-english/english.ldf
Language: english 2012/08/20 v3.3p English support from the babel system

(/usr/local/texlive/2015/texmf-dist/tex/generic/babel/babel.def
File: babel.def 2014/09/25 3.9l Babel common definitions
\babel@savecnt=\count139
\U@D=\dimen147
)
\l@canadian = a dialect from \language\l@american 
\l@australian = a dialect from \language\l@british 
\l@newzealand = a dialect from \language\l@british 
))
(/usr/local/texlive/2015/texmf-dist/tex/latex/url/url.sty
\Urlmuskip=\muskip10
Package: url 2013/09/16  ver 3.4  Verb mode for urls, etc.
)
(/usr/local/texlive/2015/texmf-dist/tex/latex/graphics/graphicx.sty
Package: graphicx 2014/10/28 v1.0g Enhanced LaTeX Graphics (DPC,SPQR)

(/usr/local/texlive/2015/texmf-dist/tex/latex/graphics/keyval.sty
Package: keyval 2014/10/28 v1.15 key=value parser (DPC)
\KV@toks@=\toks27
)
(/usr/local/texlive/2015/texmf-dist/tex/latex/graphics/graphics.sty
Package: graphics 2014/10/28 v1.0p Standard LaTeX Graphics (DPC,SPQR)

(/usr/local/texlive/2015/texmf-dist/tex/latex/graphics/trig.sty
Package: trig 1999/03/16 v1.09 sin cos tan (DPC)
)
(/usr/local/texlive/2015/texmf-dist/tex/latex/latexconfig/graphics.cfg
File: graphics.cfg 2010/04/23 v1.9 graphics configuration of TeX Live
)
Package graphics Info: Driver file: pdftex.def on input line 94.

(/usr/local/texlive/2015/texmf-dist/tex/latex/pdftex-def/pdftex.def
File: pdftex.def 2011/05/27 v0.06d Graphics/color for pdfTeX

(/usr/local/texlive/2015/texmf-dist/tex/generic/oberdiek/infwarerr.sty
Package: infwarerr 2010/04/08 v1.3 Providing info/warning/error messages (HO)
)
(/usr/local/texlive/2015/texmf-dist/tex/generic/oberdiek/ltxcmds.sty
Package: ltxcmds 2011/11/09 v1.22 LaTeX kernel commands for general use (HO)
)
\Gread@gobject=\count140
))
\Gin@req@height=\dimen148
\Gin@req@width=\dimen149
)
(/usr/local/texlive/2015/texmf-dist/tex/latex/imakeidx/imakeidx.sty
Package: imakeidx 2013/07/11 v1.3a Package for typesetting indices in a synchro
nous mode

(/usr/local/texlive/2015/texmf-dist/tex/latex/xkeyval/xkeyval.sty
Package: xkeyval 2014/12/03 v2.7a package option processing (HA)

(/usr/local/texlive/2015/texmf-dist/tex/generic/xkeyval/xkeyval.tex
(/usr/local/texlive/2015/texmf-dist/tex/generic/xkeyval/xkvutils.tex
\XKV@toks=\toks28
\XKV@tempa@toks=\toks29
)
\XKV@depth=\count141
File: xkeyval.tex 2014/12/03 v2.7a key=value parser (HA)
))
(/usr/local/texlive/2015/texmf-dist/tex/latex/xpatch/xpatch.sty
(/usr/local/texlive/2015/texmf-dist/tex/latex/l3kernel/expl3.sty
Package: expl3 2015/03/01 v5547 L3 programming layer (loader) 

(/usr/local/texlive/2015/texmf-dist/tex/latex/l3kernel/expl3-code.tex
Package: expl3 2015/03/01 v5547 L3 programming layer (code) 
L3 Module: l3bootstrap 2015/02/28 v5542 L3 Bootstrap code
L3 Module: l3names 2015/02/24 v5535 L3 Namespace for primitives
L3 Module: l3basics 2015/01/27 v5500 L3 Basic definitions
L3 Module: l3expan 2014/11/27 v5472 L3 Argument expansion
L3 Module: l3tl 2015/01/27 v5500 L3 Token lists
L3 Module: l3str 2015/03/01 v5545 L3 Strings
L3 Module: l3seq 2014/08/23 v5354 L3 Sequences and stacks
L3 Module: l3int 2015/02/21 v5529 L3 Integers
\c_max_int=\count142
\l_tmpa_int=\count143
\l_tmpb_int=\count144
\g_tmpa_int=\count145
\g_tmpb_int=\count146
L3 Module: l3quark 2014/08/23 v5354 L3 Quarks
L3 Module: l3prg 2014/08/23 v5354 L3 Control structures
\g__prg_map_int=\count147
L3 Module: l3clist 2014/08/23 v5354 L3 Comma separated lists
L3 Module: l3token 2014/09/15 v5422 L3 Experimental token manipulation
L3 Module: l3prop 2014/08/23 v5354 L3 Property lists
L3 Module: l3msg 2015/02/26 v5537 L3 Messages
L3 Module: l3file 2014/08/24 v5369 L3 File and I/O operations
\l_iow_line_count_int=\count148
\l__iow_target_count_int=\count149
\l__iow_current_line_int=\count150
\l__iow_current_word_int=\count151
\l__iow_current_indentation_int=\count152
L3 Module: l3skip 2014/08/23 v5354 L3 Dimensions and skips
\c_zero_dim=\dimen150
\c_max_dim=\dimen151
\l_tmpa_dim=\dimen152
\l_tmpb_dim=\dimen153
\g_tmpa_dim=\dimen154
\g_tmpb_dim=\dimen155
\c_zero_skip=\skip185
\c_max_skip=\skip186
\l_tmpa_skip=\skip187
\l_tmpb_skip=\skip188
\g_tmpa_skip=\skip189
\g_tmpb_skip=\skip190
\c_zero_muskip=\muskip11
\c_max_muskip=\muskip12
\l_tmpa_muskip=\muskip13
\l_tmpb_muskip=\muskip14
\g_tmpa_muskip=\muskip15
\g_tmpb_muskip=\muskip16
L3 Module: l3keys 2015/01/27 v5500 L3 Key-value interfaces
\g__keyval_level_int=\count153
\l_keys_choice_int=\count154
L3 Module: l3fp 2014/08/22 v5336 L3 Floating points
\c__fp_leading_shift_int=\count155
\c__fp_middle_shift_int=\count156
\c__fp_trailing_shift_int=\count157
\c__fp_big_leading_shift_int=\count158
\c__fp_big_middle_shift_int=\count159
\c__fp_big_trailing_shift_int=\count160
\c__fp_Bigg_leading_shift_int=\count161
\c__fp_Bigg_middle_shift_int=\count162
\c__fp_Bigg_trailing_shift_int=\count163
L3 Module: l3box 2014/08/23 v5354 L3 Experimental boxes
\c_empty_box=\box29
\l_tmpa_box=\box30
\l_tmpb_box=\box31
\g_tmpa_box=\box32
\g_tmpb_box=\box33
L3 Module: l3coffins 2014/08/23 v5354 L3 Coffin code layer
\l__coffin_internal_box=\box34
\l__coffin_internal_dim=\dimen156
\l__coffin_offset_x_dim=\dimen157
\l__coffin_offset_y_dim=\dimen158
\l__coffin_x_dim=\dimen159
\l__coffin_y_dim=\dimen160
\l__coffin_x_prime_dim=\dimen161
\l__coffin_y_prime_dim=\dimen162
\c_empty_coffin=\box35
\l__coffin_aligned_coffin=\box36
\l__coffin_aligned_internal_coffin=\box37
\l_tmpa_coffin=\box38
\l_tmpb_coffin=\box39
\l__coffin_display_coffin=\box40
\l__coffin_display_coord_coffin=\box41
\l__coffin_display_pole_coffin=\box42
\l__coffin_display_offset_dim=\dimen163
\l__coffin_display_x_dim=\dimen164
\l__coffin_display_y_dim=\dimen165
L3 Module: l3color 2014/08/23 v5354 L3 Experimental color support
L3 Module: l3candidates 2015/03/01 v5544 L3 Experimental additions to l3kernel
\l__box_top_dim=\dimen166
\l__box_bottom_dim=\dimen167
\l__box_left_dim=\dimen168
\l__box_right_dim=\dimen169
\l__box_top_new_dim=\dimen170
\l__box_bottom_new_dim=\dimen171
\l__box_left_new_dim=\dimen172
\l__box_right_new_dim=\dimen173
\l__box_internal_box=\box43
\l__coffin_bounding_shift_dim=\dimen174
\l__coffin_left_corner_dim=\dimen175
\l__coffin_right_corner_dim=\dimen176
\l__coffin_bottom_corner_dim=\dimen177
\l__coffin_top_corner_dim=\dimen178
\l__coffin_scaled_total_height_dim=\dimen179
\l__coffin_scaled_width_dim=\dimen180
)
(/usr/local/texlive/2015/texmf-dist/tex/latex/l3kernel/l3unicode-data.def
File: l3unicode-data.def 2015/03/01 v5544 L3 Unicode data
)
(/usr/local/texlive/2015/texmf-dist/tex/latex/l3kernel/l3pdfmode.def
File: l3pdfmode.def 2015/03/01 v5544 L3 Experimental driver: PDF mode
\l__driver_color_stack_int=\count164
))
Package: xpatch 2012/10/02 v0.3 Extending etoolbox patching commands

(/usr/local/texlive/2015/texmf-dist/tex/latex/l3packages/xparse/xparse.sty
Package: xparse 2014/11/25 v5471 L3 Experimental document command parser
\l__xparse_current_arg_int=\count165
\l__xparse_m_args_int=\count166
\l__xparse_mandatory_args_int=\count167
\l__xparse_processor_int=\count168
\l__xparse_v_nesting_int=\count169
)
(/usr/local/texlive/2015/texmf-dist/tex/latex/etoolbox/etoolbox.sty
Package: etoolbox 2015/05/04 v2.2 e-TeX tools for LaTeX (JAW)
\etb@tempcnta=\count170
)
.................................................
. LaTeX info: "xparse/define-command"
. 
. Defining command \xpatchcmd with sig. '' on line 125.
.................................................
.................................................
. LaTeX info: "xparse/define-command"
. 
. Defining command \xpretocmd with sig. '' on line 126.
.................................................
.................................................
. LaTeX info: "xparse/define-command"
. 
. Defining command \xapptocmd with sig. '' on line 127.
.................................................
.................................................
. LaTeX info: "xparse/define-command"
. 
. Defining command \xshowcmd with sig. '' on line 128.
.................................................
.................................................
. LaTeX info: "xparse/define-command"
. 
. Defining command \xpatchbibmacro with sig. 'm' on line 131.
.................................................
.................................................
. LaTeX info: "xparse/define-command"
. 
. Defining command \xpretobibmacro with sig. 'm' on line 133.
.................................................
.................................................
. LaTeX info: "xparse/define-command"
. 
. Defining command \xapptobibmacro with sig. 'm' on line 135.
.................................................
.................................................
. LaTeX info: "xparse/define-command"
. 
. Defining command \xshowbibmacro with sig. 'm' on line 137.
.................................................
.................................................
. LaTeX info: "xparse/define-command"
. 
. Defining command \xpatchfieldformat with sig. 'O{*}m' on line 139.
.................................................
.................................................
. LaTeX info: "xparse/define-command"
. 
. Defining command \xpretofieldformat with sig. 'O{*}m' on line 141.
.................................................
.................................................
. LaTeX info: "xparse/define-command"
. 
. Defining command \xapptofieldformat with sig. 'O{*}m' on line 143.
.................................................
.................................................
. LaTeX info: "xparse/define-command"
. 
. Defining command \xshowfieldformat with sig. 'O{*}m' on line 145.
.................................................
.................................................
. LaTeX info: "xparse/define-command"
. 
. Defining command \xpatchnameformat with sig. 'O{*}m' on line 147.
.................................................
.................................................
. LaTeX info: "xparse/define-command"
. 
. Defining command \xpretonameformat with sig. 'O{*}m' on line 149.
.................................................
.................................................
. LaTeX info: "xparse/define-command"
. 
. Defining command \xapptonameformat with sig. 'O{*}m' on line 151.
.................................................
.................................................
. LaTeX info: "xparse/define-command"
. 
. Defining command \xshownameformat with sig. 'O{*}m' on line 153.
.................................................
.................................................
. LaTeX info: "xparse/define-command"
. 
. Defining command \xpatchlistformat with sig. 'O{*}m' on line 155.
.................................................
.................................................
. LaTeX info: "xparse/define-command"
. 
. Defining command \xpretolistformat with sig. 'O{*}m' on line 157.
.................................................
.................................................
. LaTeX info: "xparse/define-command"
. 
. Defining command \xapptolistformat with sig. 'O{*}m' on line 159.
.................................................
.................................................
. LaTeX info: "xparse/define-command"
. 
. Defining command \xshowlistformat with sig. 'O{*}m' on line 161.
.................................................
.................................................
. LaTeX info: "xparse/define-command"
. 
. Defining command \xpatchindexfieldformat with sig. 'O{*}m' on line 163.
.................................................
.................................................
. LaTeX info: "xparse/define-command"
. 
. Defining command \xpretoindexfieldformat with sig. 'O{*}m' on line 165.
.................................................
.................................................
. LaTeX info: "xparse/define-command"
. 
. Defining command \xapptoindexfieldformat with sig. 'O{*}m' on line 167.
.................................................
.................................................
. LaTeX info: "xparse/define-command"
. 
. Defining command \xshowindexfieldformat with sig. 'O{*}m' on line 169.
.................................................
.................................................
. LaTeX info: "xparse/define-command"
. 
. Defining command \xpatchindexnameformat with sig. 'O{*}m' on line 171.
.................................................
.................................................
. LaTeX info: "xparse/define-command"
. 
. Defining command \xpretoindexnameformat with sig. 'O{*}m' on line 173.
.................................................
.................................................
. LaTeX info: "xparse/define-command"
. 
. Defining command \xapptoindexnameformat with sig. 'O{*}m' on line 175.
.................................................
.................................................
. LaTeX info: "xparse/define-command"
. 
. Defining command \xshowindexnameformat with sig. 'O{*}m' on line 177.
.................................................
.................................................
. LaTeX info: "xparse/define-command"
. 
. Defining command \xpatchindexlistformat with sig. 'O{*}m' on line 179.
.................................................
.................................................
. LaTeX info: "xparse/define-command"
. 
. Defining command \xpretoindexlistformat with sig. 'O{*}m' on line 181.
.................................................
.................................................
. LaTeX info: "xparse/define-command"
. 
. Defining command \xappindextolistformat with sig. 'O{*}m' on line 183.
.................................................
.................................................
. LaTeX info: "xparse/define-command"
. 
. Defining command \xshowindexlistformat with sig. 'O{*}m' on line 185.
.................................................
.................................................
. LaTeX info: "xparse/define-command"
. 
. Defining command \xpatchbibdriver with sig. 'm' on line 187.
.................................................
.................................................
. LaTeX info: "xparse/define-command"
. 
. Defining command \xpretobibdriver with sig. 'm' on line 189.
.................................................
.................................................
. LaTeX info: "xparse/define-command"
. 
. Defining command \xapptobibdriver with sig. 'm' on line 191.
.................................................
.................................................
. LaTeX info: "xparse/define-command"
. 
. Defining command \xshowbibdriver with sig. 'm' on line 193.
.................................................
)
(/usr/local/texlive/2015/texmf-dist/tex/latex/tools/multicol.sty
Package: multicol 2015/03/31 v1.8m multicolumn formatting (FMi)
\c@tracingmulticols=\count171
\mult@box=\box44
\multicol@leftmargin=\dimen181
\c@unbalance=\count172
\c@collectmore=\count173
\doublecol@number=\count174
\multicoltolerance=\count175
\multicolpretolerance=\count176
\full@width=\dimen182
\page@free=\dimen183
\premulticols=\dimen184
\postmulticols=\dimen185
\multicolsep=\skip191
\multicolbaselineskip=\skip192
\partial@page=\box45
\last@line=\box46
\maxbalancingoverflow=\dimen186
\mult@rightbox=\box47
\mult@grightbox=\box48
\mult@gfirstbox=\box49
\mult@firstbox=\box50
\@tempa=\box51
\@tempa=\box52
\@tempa=\box53
\@tempa=\box54
\@tempa=\box55
\@tempa=\box56
\@tempa=\box57
\@tempa=\box58
\@tempa=\box59
\@tempa=\box60
\@tempa=\box61
\@tempa=\box62
\@tempa=\box63
\@tempa=\box64
\@tempa=\box65
\@tempa=\box66
\@tempa=\box67
\c@columnbadness=\count177
\c@finalcolumnbadness=\count178
\last@try=\dimen187
\multicolovershoot=\dimen188
\multicolundershoot=\dimen189
\mult@nat@firstbox=\box68
\colbreak@box=\box69
\mc@col@check@num=\count179
))
\main@idxfile=\write4
\openout4 = `main.idx'.


Writing index file main.idx

LaTeX Warning: Unused global option(s):
    [onesided].

(./main.aux)
\openout1 = `main.aux'.

LaTeX Font Info:    Checking defaults for OML/cmm/m/it on input line 19.
LaTeX Font Info:    ... okay on input line 19.
LaTeX Font Info:    Checking defaults for T1/cmr/m/n on input line 19.
LaTeX Font Info:    ... okay on input line 19.
LaTeX Font Info:    Checking defaults for OT1/cmr/m/n on input line 19.
LaTeX Font Info:    ... okay on input line 19.
LaTeX Font Info:    Checking defaults for OMS/cmsy/m/n on input line 19.
LaTeX Font Info:    ... okay on input line 19.
LaTeX Font Info:    Checking defaults for OMX/cmex/m/n on input line 19.
LaTeX Font Info:    ... okay on input line 19.
LaTeX Font Info:    Checking defaults for U/cmr/m/n on input line 19.
LaTeX Font Info:    ... okay on input line 19.
 (/usr/local/texlive/2015/texmf-dist/tex/latex/ucs/ucsencs.def
File: ucsencs.def 2011/01/21 Fixes to fontencodings LGR, T3
)
(/usr/local/texlive/2015/texmf-dist/tex/context/base/supp-pdf.mkii
[Loading MPS to PDF converter (version 2006.09.02).]
\scratchcounter=\count180
\scratchdimen=\dimen190
\scratchbox=\box70
\nofMPsegments=\count181
\nofMParguments=\count182
\everyMPshowfont=\toks30
\MPscratchCnt=\count183
\MPscratchDim=\dimen191
\MPnumerator=\count184
\makeMPintoPDFobject=\count185
\everyMPtoPDFconversion=\toks31
) (/usr/local/texlive/2015/texmf-dist/tex/generic/oberdiek/pdftexcmds.sty
Package: pdftexcmds 2011/11/29 v0.20 Utility functions of pdfTeX for LuaTeX (HO
)
Package pdftexcmds Info: LuaTeX not detected.
Package pdftexcmds Info: \pdf@primitive is available.
Package pdftexcmds Info: \pdf@ifprimitive is available.
Package pdftexcmds Info: \pdfdraftmode found.
)
(/usr/local/texlive/2015/texmf-dist/tex/latex/oberdiek/epstopdf-base.sty
Package: epstopdf-base 2010/02/09 v2.5 Base part for package epstopdf

(/usr/local/texlive/2015/texmf-dist/tex/latex/oberdiek/grfext.sty
Package: grfext 2010/08/19 v1.1 Manage graphics extensions (HO)

(/usr/local/texlive/2015/texmf-dist/tex/generic/oberdiek/kvdefinekeys.sty
Package: kvdefinekeys 2011/04/07 v1.3 Define keys (HO)
))
(/usr/local/texlive/2015/texmf-dist/tex/latex/oberdiek/kvoptions.sty
Package: kvoptions 2011/06/30 v3.11 Key value format for package options (HO)

(/usr/local/texlive/2015/texmf-dist/tex/generic/oberdiek/kvsetkeys.sty
Package: kvsetkeys 2012/04/25 v1.16 Key value parser (HO)

(/usr/local/texlive/2015/texmf-dist/tex/generic/oberdiek/etexcmds.sty
Package: etexcmds 2011/02/16 v1.5 Avoid name clashes with e-TeX commands (HO)
Package etexcmds Info: Could not find \expanded.
(etexcmds)             That can mean that you are not using pdfTeX 1.50 or
(etexcmds)             that some package has redefined \expanded.
(etexcmds)             In the latter case, load this package earlier.
)))
Package grfext Info: Graphics extension search list:
(grfext)             [.png,.pdf,.jpg,.mps,.jpeg,.jbig2,.jb2,.PNG,.PDF,.JPG,.JPE
G,.JBIG2,.JB2,.eps]
(grfext)             \AppendGraphicsExtensions on input line 452.

(/usr/local/texlive/2015/texmf-dist/tex/latex/latexconfig/epstopdf-sys.cfg
File: epstopdf-sys.cfg 2010/07/13 v1.3 Configuration of (r)epstopdf for TeX Liv
e
))
<images/frontcover2.png, id=1, 310.761pt x 428.5611pt>
File: images/frontcover2.png Graphic file (type png)

<use images/frontcover2.png>
Package pdftex.def Info: images/frontcover2.png used on input line 23.
(pdftex.def)             Requested size: 310.76024pt x 428.56004pt.

Overfull \hbox (21.76024pt too wide) in paragraph at lines 23--24
 [][] 
 []


LaTeX Warning: Float too large for page by 25.06004pt on input line 24.

[1{/usr/local/texlive/2015/texmf-var/fonts/map/pdftex/updmap/pdftex.map} <./ima
ges/frontcover2.png>] (./intellectual_property_notice.tex
<images/jollyroger.png, id=10, 114.1866pt x 115.632pt>
File: images/jollyroger.png Graphic file (type png)

<use images/jollyroger.png>
Package pdftex.def Info: images/jollyroger.png used on input line 3.
(pdftex.def)             Requested size: 114.18631pt x 115.63171pt.

Overfull \hbox (0.5811pt too wide) in paragraph at lines 10--20
\OT1/cmr/m/n/12 TUTE FOR A LE-GAL DEC-LA-RA-TION AND A NEGA-
 []

[2




 <./images/jollyroger.png>]) [3]
LaTeX Font Info:    External font `cmex10' loaded for size
(Font)              <14.4> on input line 38.
LaTeX Font Info:    External font `cmex10' loaded for size
(Font)              <7> on input line 38.
 (./main.toc
LaTeX Font Info:    External font `cmex10' loaded for size
(Font)              <12> on input line 3.
LaTeX Font Info:    External font `cmex10' loaded for size
(Font)              <8> on input line 3.
LaTeX Font Info:    External font `cmex10' loaded for size
(Font)              <6> on input line 3.
 [4]
Overfull \hbox (2.03766pt too wide) detected at line 58
 \OT1/cmr/bx/n/12 105
 []


Overfull \hbox (2.03766pt too wide) detected at line 67
 \OT1/cmr/bx/n/12 124
 []


Overfull \hbox (2.03766pt too wide) detected at line 75
 \OT1/cmr/bx/n/12 143
 []


Overfull \hbox (2.03766pt too wide) detected at line 80
 \OT1/cmr/bx/n/12 150
 []


Overfull \hbox (2.03766pt too wide) detected at line 86
 \OT1/cmr/bx/n/12 167
 []


Overfull \hbox (2.03766pt too wide) detected at line 93
 \OT1/cmr/bx/n/12 175
 []


Overfull \hbox (2.03766pt too wide) detected at line 94
 \OT1/cmr/bx/n/12 188
 []


Overfull \hbox (2.03766pt too wide) detected at line 111
 \OT1/cmr/bx/n/12 203
 []

) (./main.lof
Underfull \vbox (badness 10000) has occurred while \output is active []

 [5]
Underfull \vbox (badness 10000) has occurred while \output is active []

 [6]
Overfull \hbox (1.73595pt too wide) in paragraph at lines 20--20
 \OT1/cmr/m/n/12 the East River, be-tween Man-hat-tan is-land and 
 []

) [7] [8

] (./capitalism.tex
Underfull \vbox (badness 10000) has occurred while \output is active []

 [1

]
Overfull \hbox (9.57745pt too wide) in paragraph at lines 41--62
[]\OT1/cmr/m/n/12 The ``means of pro-duc-tion'' is also a prob-lem-atic phrase.

 []


Overfull \hbox (0.69977pt too wide) in paragraph at lines 41--62
\OT1/cmr/m/n/12 this ba-sic struc-ture of mil-i-tary power cre-at-ing a monopol
y
 []


Underfull \vbox (badness 3646) has occurred while \output is active []

 [2]
[3] [4] <images/bigone.png, id=49, 205.2468pt x 272.4579pt>
File: images/bigone.png Graphic file (type png)

<use images/bigone.png>
Package pdftex.def Info: images/bigone.png used on input line 115.
(pdftex.def)             Requested size: 205.24628pt x 272.45721pt.
 [5] [6 <./images/bigone.png>]
<images/capitalpyramid.png, id=58, 198.7425pt x 274.626pt>
File: images/capitalpyramid.png Graphic file (type png)

<use images/capitalpyramid.png>
Package pdftex.def Info: images/capitalpyramid.png used on input line 132.
(pdftex.def)             Requested size: 198.742pt x 274.62532pt.

<images/digitup.png, id=59, 276.0714pt x 265.9536pt>
File: images/digitup.png Graphic file (type png)
 <use images/digitup.png>
Package pdftex.def Info: images/digitup.png used on input line 152.
(pdftex.def)             Requested size: 276.07071pt x 265.95294pt.

[7] [8 <./images/capitalpyramid.png>] [9 <./images/digitup.png>]
Overfull \hbox (1.02199pt too wide) in paragraph at lines 171--178
[]\OT1/cmr/m/n/12 Any pro-posal to re-form cap-i-tal-ism that main-tains con-
 []

[10] [11] [12]
Overfull \hbox (11.5492pt too wide) in paragraph at lines 261--272
[]\OT1/cmr/m/n/12 I'm against en-gi-neer-ing and de-sign as pro-fes-sions. Whil
e
 []

[13] [14]
Overfull \hbox (4.60677pt too wide) in paragraph at lines 311--326
[]\OT1/cmr/m/n/12 All the el-e-ments I de-scribe in the ex-am-ple above should
 []

[15] [16] [17] [18] [19]
<images/banachtarski1.png, id=103, 265.2309pt x 221.1462pt>
File: images/banachtarski1.png Graphic file (type png)

<use images/banachtarski1.png>
Package pdftex.def Info: images/banachtarski1.png used on input line 449.
(pdftex.def)             Requested size: 265.23024pt x 221.14565pt.
 [20]
<images/ecoli.png, id=107, 254.3904pt x 193.6836pt>
File: images/ecoli.png Graphic file (type png)
 <use images/ecoli.png>
Package pdftex.def Info: images/ecoli.png used on input line 460.
(pdftex.def)             Requested size: 254.38977pt x 193.6831pt.

[21 <./images/banachtarski1.png>] [22 <./images/ecoli.png>] [23] [24] [25]
Overfull \hbox (0.97847pt too wide) in paragraph at lines 572--581
[]\OT1/cmr/m/n/12 I'm against the ma-chine. That's what this is all about.
 []

[26]) [27] (./contemplation1.tex
<images/contemplations/contemplation1C.png, id=133, 268.8444pt x 205.2468pt>
File: images/contemplations/contemplation1C.png Graphic file (type png)

<use images/contemplations/contemplation1C.png>
Package pdftex.def Info: images/contemplations/contemplation1C.png used on inpu
t line 3.
(pdftex.def)             Requested size: 268.84375pt x 205.24628pt.
 [28 <./images/contemplations/contemplation1C.png>]) [29] (./free_technology.te
x
LaTeX Font Info:    Try loading font information for OMS+cmr on input line 17.

(/usr/local/texlive/2015/texmf-dist/tex/latex/base/omscmr.fd
File: omscmr.fd 2014/09/29 v2.5h Standard LaTeX font definitions
)
LaTeX Font Info:    Font shape `OMS/cmr/m/n' in size <12> not available
(Font)              Font shape `OMS/cmsy/m/n' tried instead on input line 17.
 [30

] [31]
[32]
Overfull \hbox (4.15529pt too wide) in paragraph at lines 78--90
\OT1/cmr/m/n/12 What is the con-nec-tion be-tween free tech-nol-ogy and ``open
 []

[33] [34] [35] [36] [37] [38]
Overfull \hbox (2.45808pt too wide) in paragraph at lines 224--230
[]\OT1/cmr/m/n/12 Anarchist tech-nol-ogy also breaks bar-ri-ers be-tween cus-
 []

[39]
Underfull \hbox (badness 10000) in paragraph at lines 262--266

 []


Overfull \hbox (33.86053pt too wide) in paragraph at lines 268--271
[]\OT1/cmr/m/n/12 communication/networking/controls/ au-toma-tion/audio/
 []

[40] [41] [42] [43])
Underfull \vbox (badness 10000) has occurred while \output is active []

 [44]
[45] (./contemplation2.tex
<images/contemplations/contemplation2C.png, id=194, 183.8067pt x 216.3282pt>
File: images/contemplations/contemplation2C.png Graphic file (type png)

<use images/contemplations/contemplation2C.png>
Package pdftex.def Info: images/contemplations/contemplation2C.png used on inpu
t line 3.
(pdftex.def)             Requested size: 183.80624pt x 216.32767pt.
 [46 <./images/contemplations/contemplation2C.png>]) [47] (./Principles.tex
Underfull \hbox (badness 10000) in paragraph at lines 20--23

 []


Underfull \vbox (badness 4518) has occurred while \output is active []

 [48

]
Overfull \hbox (5.77843pt too wide) in paragraph at lines 33--40
\OT1/cmr/m/n/12 fend-ers. Ev-ery pos-si-ble ba-sic ar-gu-ment for or against
 []


Overfull \hbox (29.94391pt too wide) in paragraph at lines 42--47
\OT1/cmr/m/n/12 pen-sate the vic-tims of cap-i-tal-ism from its crimes(e.g. sla
v-
 []

[49] [50]
Underfull \hbox (badness 10000) in paragraph at lines 98--104

 []


Overfull \hbox (6.93166pt too wide) in paragraph at lines 110--115
[]\OT1/cmr/m/n/12 Every tech-no-log-i-cal com-po-nent should have the max-
 []

[51]) [52] (./what_is_the_trash_wizard.tex
Underfull \vbox (badness 10000) has occurred while \output is active []

 [53

]
[54] [55] [56] <images/wizardcartoon.png, id=231, 221.1462pt x 310.0383pt>
File: images/wizardcartoon.png Graphic file (type png)

<use images/wizardcartoon.png>
Package pdftex.def Info: images/wizardcartoon.png used on input line 95.
(pdftex.def)             Requested size: 221.14565pt x 310.03754pt.
 [57 <./images/wizardcartoon.png>]
Overfull \hbox (4.14696pt too wide) in paragraph at lines 122--125
[]\OT1/cmr/m/n/12 In ad-di-tion to Trash Wiz-ardry and Witch-ery one might
 []

[58] [59] [60] [61] <images/cat3.png, id=249, 226.2051pt x 203.0787pt>
File: images/cat3.png Graphic file (type png)

<use images/cat3.png>
Package pdftex.def Info: images/cat3.png used on input line 219.
(pdftex.def)             Requested size: 226.20453pt x 203.0782pt.
 <images/elements.png, id=250, 217.5327pt x 198.7425pt>
File: images/elements.png Graphic file (type png)

<use images/elements.png>
Package pdftex.def Info: images/elements.png used on input line 225.
(pdftex.def)             Requested size: 217.53215pt x 198.742pt.
 <images/squat.png, id=251, 213.1965pt x 215.3646pt>
File: images/squat.png Graphic file (type png)

<use images/squat.png>
Package pdftex.def Info: images/squat.png used on input line 231.
(pdftex.def)             Requested size: 213.19597pt x 215.36406pt.

Overfull \hbox (10.42606pt too wide) in paragraph at lines 235--241
[]\OT1/cmr/m/n/12 Some elec-tri-cal sym-bols will also be in-cor-po-rated, part
ly
 []

[62]
Underfull \vbox (badness 3568) has occurred while \output is active []

 [63 <./images/cat3.png>]
Overfull \hbox (5.79138pt too wide) in paragraph at lines 259--268
[]\OT1/cmr/m/n/12 The peo-ple in this ``un-wanted'' de-mo-graphic have noth-
 []


Underfull \vbox (badness 4819) has occurred while \output is active []

 [64 <./images/elements.png>]
Overfull \hbox (0.20811pt too wide) in paragraph at lines 269--279
[]\OT1/cmr/m/n/12 But from our stand-point the con-cept of a ``lower class''
 []


Underfull \vbox (badness 2521) has occurred while \output is active []

 [65 <./images/squat.png>] [66] [67]
Overfull \hbox (2.91919pt too wide) in paragraph at lines 351--354
[]\OT1/cmr/m/n/12 goggles that can in-ter-face with var-i-ous imag-ing tech-
 []

[68] [69] [70]
Overfull \hbox (0.69144pt too wide) in paragraph at lines 432--437
[]\OT1/cmr/m/n/12 In a clus-ter of Trash Magic in-dus-trial pro-duc-tion there
 []


Overfull \hbox (2.00531pt too wide) in paragraph at lines 438--445
[]\OT1/cmr/m/n/12 Tripods can also sup-port roof and wall ma-te-ri-als, mak-
 []

[71]) [72] (./universities.tex [73

]
Underfull \vbox (badness 4872) has occurred while \output is active []

 [74]
Overfull \hbox (2.93262pt too wide) in paragraph at lines 64--69
\OT1/cmr/m/n/12 Why can't bi-ol-ogy ma-jors make drugs? Why can't physics
 []

[75] [76]
Overfull \hbox (4.35529pt too wide) in paragraph at lines 119--124
\OT1/cmr/m/n/12 cause it has been so cor-ro-sive to the cul-ture of the academy

 []

[77] [78] [79] <images/Sorbonne.png, id=313, 281.853pt x 189.3474pt>
File: images/Sorbonne.png Graphic file (type png)

<use images/Sorbonne.png>
Package pdftex.def Info: images/Sorbonne.png used on input line 177.
(pdftex.def)             Requested size: 281.85231pt x 189.34692pt.

<images/roosevelt.png, id=314, 265.9536pt x 251.4996pt>
File: images/roosevelt.png Graphic file (type png)

<use images/roosevelt.png>
Package pdftex.def Info: images/roosevelt.png used on input line 183.
(pdftex.def)             Requested size: 265.95294pt x 251.49898pt.
 [80 <./images/Sorbonne.png>] [81 <./images/roosevelt.png>] [82]
Overfull \hbox (7.2798pt too wide) in paragraph at lines 229--238
\OT1/cmr/m/n/12 ture. Build bet-ter things: bet-ter tech-nol-ogy, bet-ter class
es,
 []

)
Overfull \hbox (0.3081pt too wide) in paragraph at lines 242--64
\OT1/cmr/m/n/12 Taking uni-ver-si-ties over can be a huge in-ter-na-tional beac
h
 []


Overfull \hbox (6.9011pt too wide) in paragraph at lines 242--64
\OT1/cmr/m/n/12 killing the uni-ver-si-ties, and the fac-ulty who love the scho
ols
 []


Underfull \vbox (badness 10000) has occurred while \output is active []

 [83]
[84] (./RumblesRobots.tex [85

] [86] [87]
Overfull \hbox (3.24557pt too wide) in paragraph at lines 70--86
\OT1/cmr/m/n/12 pick their way across the land, work-ing with cy-borg worms
 []

[88] [89]
Overfull \hbox (6.63998pt too wide) in paragraph at lines 117--124
\OT1/cmr/m/n/12 roots and berries from the coun-try-side in a quasi-cultivated
 []

[90] [91] <images/dirigible.png, id=355, 216.81pt x 349.7868pt>
File: images/dirigible.png Graphic file (type png)

<use images/dirigible.png>
Package pdftex.def Info: images/dirigible.png used on input line 173.
(pdftex.def)             Requested size: 216.80946pt x 349.78595pt.
 [92] [93 <./images/dirigible.png>]
Overfull \hbox (6.96637pt too wide) in paragraph at lines 201--207
\OT1/cmr/m/n/12 rents to gen-er-ate elec-tric-ity to pro-pel them-selves up-str
eam.
 []

[94]
Underfull \vbox (badness 10000) has occurred while \output is active []

 [95]
Underfull \vbox (badness 3646) has occurred while \output is active []

 [96]
Underfull \vbox (badness 1097) has occurred while \output is active []

 [97]
<images/squidcyborg.png, id=377, 222.5916pt x 284.7438pt>
File: images/squidcyborg.png Graphic file (type png)

<use images/squidcyborg.png>
Package pdftex.def Info: images/squidcyborg.png used on input line 307.
(pdftex.def)             Requested size: 222.59105pt x 284.7431pt.

<images/birdcyborg.png, id=378, 224.037pt x 286.1892pt>
File: images/birdcyborg.png Graphic file (type png)

<use images/birdcyborg.png>
Package pdftex.def Info: images/birdcyborg.png used on input line 313.
(pdftex.def)             Requested size: 224.03644pt x 286.18848pt.
 [98] [99 <./images/squidcyborg.png>] [100 <./images/birdcyborg.png>]
Underfull \vbox (badness 10000) has occurred while \output is active []

 [101])
Underfull \vbox (badness 1097) has occurred while \output is active []

 [102]
[103] (./slimeTechPolitical.tex [104

]
Overfull \hbox (2.65808pt too wide) in paragraph at lines 34--38
\OT1/cmr/m/n/12 do not dis-tin-guish be-tween ma-te-rial trans-port, data trans
-
 []

[105]

Class memoir Warning: The material used in the headers is too large
(28.99998pt) for the given head height (14.5pt), it is recommended to
either increase the head height or redesign the header
(in both cases you will find help in the memoir manual). on input line 73.


Overfull \vbox (14.49998pt too high) has occurred while \output is active []


[106] [107]
Overfull \vbox (14.49998pt too high) has occurred while \output is active []


[108] [109]
Overfull \vbox (14.49998pt too high) has occurred while \output is active []


[110] [111]
Overfull \vbox (14.49998pt too high) has occurred while \output is active []


[112] [113]
Overfull \vbox (14.49998pt too high) has occurred while \output is active []


[114] [115]
Overfull \vbox (14.49998pt too high) has occurred while \output is active []


[116] [117]
Overfull \vbox (14.49998pt too high) has occurred while \output is active []


[118] [119]
Overfull \hbox (11.60104pt too wide) in paragraph at lines 402--416
\OT1/cmr/m/n/12 mak-ing car-bon nano elec-tron-ics(nanotubes, graphene, etc.).
 []


Underfull \vbox (badness 10000) has occurred while \output is active []


Overfull \vbox (14.49998pt too high) has occurred while \output is active []


[120])
Underfull \vbox (badness 3646) has occurred while \output is active []

 [121]
Overfull \vbox (14.49998pt too high) has occurred while \output is active []


[122] (./value_circles_economics.tex
Underfull \vbox (badness 2894) has occurred while \output is active []

 [123

]
[124]
Underfull \vbox (badness 10000) has occurred while \output is active []

 [125]
Underfull \vbox (badness 3646) has occurred while \output is active []

 [126]
[127] [128] [129]
Overfull \hbox (6.76637pt too wide) in paragraph at lines 168--174
[]\OT1/cmr/m/n/12 Unlike cap-i-tal-ism, which en-cour-ages hoard-ing, it's clea
r
 []

[130] [131]
Overfull \hbox (4.29001pt too wide) in paragraph at lines 207--219
\OT1/cmr/m/n/12 traded around as value-holding items out-side of the banker
 []

[132] [133]
Overfull \hbox (6.3136pt too wide) in paragraph at lines 263--272
\OT1/cmr/m/n/12 nu-mer-ous other types of use-ful and (po-ten-tially)interestin
g
 []

[134] [135] [136] [137]
Overfull \hbox (0.11227pt too wide) in paragraph at lines 359--382
\OT1/cmr/m/n/12 land-scape pow-er-ing them-selves, get-ting fixed by passerby,
 []

[138] [139]
Underfull \hbox (badness 10000) in paragraph at lines 416--420

 []

) [140] [141] (./JunkCars.tex [142

] [143] [144] [145] [146]) [147] [148]
(./means_of_production.tex [149

]
Overfull \vbox (14.49998pt too high) has occurred while \output is active []


[150]
Underfull \vbox (badness 10000) has occurred while \output is active []

 [151]
Overfull \hbox (0.3081pt too wide) in paragraph at lines 84--89
\OT1/cmr/m/n/12 tried to erase lines be-tween protest, oc-cu-pa-tion and party.

 []


Underfull \vbox (badness 10000) has occurred while \output is active []


Overfull \vbox (14.49998pt too high) has occurred while \output is active []


[152]
Underfull \vbox (badness 1097) has occurred while \output is active []

 [153]
Overfull \vbox (14.49998pt too high) has occurred while \output is active []


[154] [155]
Overfull \vbox (14.49998pt too high) has occurred while \output is active []


[156] [157]
Overfull \vbox (14.49998pt too high) has occurred while \output is active []


[158] [159]
Overfull \vbox (14.49998pt too high) has occurred while \output is active []


[160]
Underfull \vbox (badness 10000) has occurred while \output is active []

 [161]
Overfull \vbox (14.49998pt too high) has occurred while \output is active []


[162] [163]
Overfull \vbox (14.49998pt too high) has occurred while \output is active []


[164]) [165] (./visions.tex [166

] [167]
Overfull \hbox (0.73033pt too wide) in paragraph at lines 64--69
[]\OT1/cmr/m/n/12 Living in the deep ocean, on the sur-face, in the storms,
 []


Overfull \vbox (14.49998pt too high) has occurred while \output is active []


[168] [169]
Overfull \vbox (14.49998pt too high) has occurred while \output is active []


[170] [171]
Overfull \vbox (14.49998pt too high) has occurred while \output is active []


[172]) [173] (./problems.tex [174

] [175]
Overfull \hbox (5.59138pt too wide) in paragraph at lines 66--73
\OT1/cmr/m/n/12 heal-ing tra-di-tions out-side con-ven-tional West-ern medicine
). 
 []

[176] [177] [178] [179]
Overfull \hbox (2.979pt too wide) in paragraph at lines 174--186
\OT1/cmr/m/n/12 I have to dis-tin-guish be-tween this project and the ``maker''

 []

[180] [181] [182] [183]
Overfull \hbox (4.5076pt too wide) in paragraph at lines 274--278
\OT1/cmr/m/n/12 oth-ers to make more art. The el-e-ments of this are through-
 []

[184] [185]) [186] (./techniquesBook1.tex [187

]
Overfull \hbox (1.41235pt too wide) in paragraph at lines 25--29
[]\OT1/cmr/m/n/12 A lot of elec-tron-ics projects are per-fect for sticks about

 []

[188] [189] [190] [191] [192] [193] [194] [195]
Overfull \hbox (3.50668pt too wide) in paragraph at lines 220--228
\OT1/cmr/m/n/12 ter wheels made from sim-ple ar-range-ments of sticks should
 []


Underfull \vbox (badness 2556) has occurred while \output is active []

 [196]
[197] [198] [199] [200]) [201] (./lets_build.tex
Underfull \vbox (badness 1360) has occurred while \output is active []

 [202

]
Overfull \hbox (19.91579pt too wide) in paragraph at lines 41--47
\OT1/cmr/m/n/12 am-e-ter with 200-500 turns of wire. This is 30 AWG(American
 []

[203] <images/resonantStick1.png, id=719, 256.7994pt x 221.628pt>
File: images/resonantStick1.png Graphic file (type png)

<use images/resonantStick1.png>
Package pdftex.def Info: images/resonantStick1.png used on input line 50.
(pdftex.def)             Requested size: 256.79877pt x 221.62746pt.
 [204 <./images/resonantStick1.png>]
<images/coilzoom.png, id=724, 258.7266pt x 219.9417pt>
File: images/coilzoom.png Graphic file (type png)

<use images/coilzoom.png>
Package pdftex.def Info: images/coilzoom.png used on input line 62.
(pdftex.def)             Requested size: 258.72594pt x 219.94115pt.

<images/bigoscillator.png, id=725, 266.4354pt x 66.7293pt>
File: images/bigoscillator.png Graphic file (type png)

<use images/bigoscillator.png>
Package pdftex.def Info: images/bigoscillator.png used on input line 68.
(pdftex.def)             Requested size: 266.43474pt x 66.72913pt.

<images/transistorimage.png, id=726, 121.6545pt x 131.5314pt>
File: images/transistorimage.png Graphic file (type png)

<use images/transistorimage.png>
Package pdftex.def Info: images/transistorimage.png used on input line 74.
(pdftex.def)             Requested size: 121.65419pt x 131.53107pt.

<images/ampimage.png, id=727, 144.2991pt x 93.2283pt>
File: images/ampimage.png Graphic file (type png)

<use images/ampimage.png>
Package pdftex.def Info: images/ampimage.png used on input line 80.
(pdftex.def)             Requested size: 144.29874pt x 93.22807pt.
 [205 <./images/coilzoom.png>]
Underfull \vbox (badness 2418) has occurred while \output is active []

 [206 <./images/bigoscillator.png> <./images/transistorimage.png>] [207 <./imag
es/ampimage.png>] [208]
Overfull \hbox (10.87883pt too wide) in paragraph at lines 152--157
[]\OT1/cmr/m/n/12 Vibrational ma-chines can also be used for sim-ple propul-
 []

[209] [210]
Overfull \hbox (7.55386pt too wide) in paragraph at lines 197--203
\OT1/cmr/m/n/12 should be our ears into a vast world of elec-tri-cal impedance,

 []

[211] [212] [213] [214] [215]
Overfull \hbox (3.31085pt too wide) in paragraph at lines 338--345
\OT1/cmr/m/n/12 mak-ing waves, which can be ob-served us-ing a strobe,
 []


Overfull \hbox (3.32845pt too wide) in paragraph at lines 338--345
\OT1/cmr/m/n/12 am-pli-fied mag-netic pickup. With the mag-ni-fier built
 []

[216]
Overfull \hbox (10.2955pt too wide) in paragraph at lines 358--360
[]\OT1/cmr/m/n/12 evaporative cool-ing re-frig-er-a-tor driven by wa-ter wheel 

 []

[217] [218]
Overfull \hbox (12.5053pt too wide) in paragraph at lines 401--402
\OT1/cmr/m/n/12 I will list the things I'll leave for other projects/publicatio
ns: 
 []

[219]
Overfull \hbox (3.57196pt too wide) in paragraph at lines 469--471
[]\OT1/cmr/m/n/12 Other aca-demic work you can con-tribute as a scholar 
 []

[220]) [221]
runsystem(makeindex main.idx)...executed.

 (./main.ind)

Class memoir Warning: The material used in the headers is too large
(28.99998pt) for the given head height (14.5pt), it is recommended to
either increase the head height or redesign the header
(in both cases you will find help in the memoir manual). on input line 95.

\tf@toc=\write5
\openout5 = `main.toc'.

\tf@lof=\write6
\openout6 = `main.lof'.

(./main.aux)

LaTeX Warning: Label(s) may have changed. Rerun to get cross-references right.

 ) 
Here is how much of TeX's memory you used:
 12820 strings out of 493089
 222812 string characters out of 6134842
 304744 words of memory out of 5000000
 16129 multiletter control sequences out of 15000+600000
 9976 words of font info for 35 fonts, out of 8000000 for 9000
 1141 hyphenation exceptions out of 8191
 50i,11n,41p,10430b,327s stack positions out of 5000i,500n,10000p,200000b,80000s
</usr/local/texlive/2015/texmf-dist/fonts/type1/public/amsfonts/cm/cmbx12.pfb
></usr/local/texlive/2015/texmf-dist/fonts/type1/public/amsfonts/cm/cmr12.pfb><
/usr/local/texlive/2015/texmf-dist/fonts/type1/public/amsfonts/cm/cmr17.pfb></u
sr/local/texlive/2015/texmf-dist/fonts/type1/public/amsfonts/cm/cmsl12.pfb></us
r/local/texlive/2015/texmf-dist/fonts/type1/public/amsfonts/cm/cmsy10.pfb></usr
/local/texlive/2015/texmf-dist/fonts/type1/public/amsfonts/cm/cmti12.pfb></usr/
local/texlive/2015/texmf-dist/fonts/type1/public/amsfonts/cm/cmtt12.pfb>
Output written on main.pdf (229 pages, 1342101 bytes).
PDF statistics:
 820 PDF objects out of 1000 (max. 8388607)
 530 compressed objects within 6 object streams
 0 named destinations out of 1000 (max. 500000)
 116 words of extra memory for PDF output out of 10000 (max. 10000000)

